D:\EUP\DI-5\DI5_S10\PROJET LE L'OPTION LO\WORKERSPACEDPRODUCTIONLINEC\WORKERSPACEDPRODUCTIONLINEC\DEBUG\STATION.OBJ
D:\EUP\DI-5\DI5_S10\PROJET LE L'OPTION LO\WORKERSPACEDPRODUCTIONLINEC\WORKERSPACEDPRODUCTIONLINEC\DEBUG\TASK.OBJ
D:\EUP\DI-5\DI5_S10\PROJET LE L'OPTION LO\WORKERSPACEDPRODUCTIONLINEC\WORKERSPACEDPRODUCTIONLINEC\DEBUG\UTILITY.OBJ
D:\EUP\DI-5\DI5_S10\PROJET LE L'OPTION LO\WORKERSPACEDPRODUCTIONLINEC\WORKERSPACEDPRODUCTIONLINEC\DEBUG\WORKER.OBJ
D:\EUP\DI-5\DI5_S10\PROJET LE L'OPTION LO\WORKERSPACEDPRODUCTIONLINEC\WORKERSPACEDPRODUCTIONLINEC\DEBUG\VC110.PDB
D:\EUP\DI-5\DI5_S10\PROJET LE L'OPTION LO\WORKERSPACEDPRODUCTIONLINEC\WORKERSPACEDPRODUCTIONLINEC\DEBUG\MAIN.OBJ
D:\EUP\DI-5\DI5_S10\PROJET LE L'OPTION LO\WORKERSPACEDPRODUCTIONLINEC\DEBUG\WORKERSPACEDPRODUCTIONLINEC.ILK
D:\EUP\DI-5\DI5_S10\PROJET LE L'OPTION LO\WORKERSPACEDPRODUCTIONLINEC\DEBUG\WORKERSPACEDPRODUCTIONLINEC.EXE
D:\EUP\DI-5\DI5_S10\PROJET LE L'OPTION LO\WORKERSPACEDPRODUCTIONLINEC\DEBUG\WORKERSPACEDPRODUCTIONLINEC.PDB
D:\EUP\DI-5\DI5_S10\Projet le l'option LO\WorkersPacedProductionLineC\WorkersPacedProductionLineC\Debug\main.obj
D:\EUP\DI-5\DI5_S10\Projet le l'option LO\WorkersPacedProductionLineC\WorkersPacedProductionLineC\Debug\Station.obj
D:\EUP\DI-5\DI5_S10\Projet le l'option LO\WorkersPacedProductionLineC\WorkersPacedProductionLineC\Debug\Task.obj
D:\EUP\DI-5\DI5_S10\Projet le l'option LO\WorkersPacedProductionLineC\WorkersPacedProductionLineC\Debug\Utility.obj
D:\EUP\DI-5\DI5_S10\Projet le l'option LO\WorkersPacedProductionLineC\WorkersPacedProductionLineC\Debug\Worker.obj
D:\EUP\DI-5\DI5_S10\Projet le l'option LO\WorkersPacedProductionLineC\WorkersPacedProductionLineC\Debug\cl.command.1.tlog
D:\EUP\DI-5\DI5_S10\Projet le l'option LO\WorkersPacedProductionLineC\WorkersPacedProductionLineC\Debug\CL.read.1.tlog
D:\EUP\DI-5\DI5_S10\Projet le l'option LO\WorkersPacedProductionLineC\WorkersPacedProductionLineC\Debug\CL.write.1.tlog
D:\EUP\DI-5\DI5_S10\Projet le l'option LO\WorkersPacedProductionLineC\WorkersPacedProductionLineC\Debug\link-cvtres.read.1.tlog
D:\EUP\DI-5\DI5_S10\Projet le l'option LO\WorkersPacedProductionLineC\WorkersPacedProductionLineC\Debug\link-cvtres.write.1.tlog
D:\EUP\DI-5\DI5_S10\Projet le l'option LO\WorkersPacedProductionLineC\WorkersPacedProductionLineC\Debug\link-rc.read.1.tlog
D:\EUP\DI-5\DI5_S10\Projet le l'option LO\WorkersPacedProductionLineC\WorkersPacedProductionLineC\Debug\link-rc.write.1.tlog
D:\EUP\DI-5\DI5_S10\Projet le l'option LO\WorkersPacedProductionLineC\WorkersPacedProductionLineC\Debug\link.command.1.tlog
D:\EUP\DI-5\DI5_S10\Projet le l'option LO\WorkersPacedProductionLineC\WorkersPacedProductionLineC\Debug\link.read.1.tlog
D:\EUP\DI-5\DI5_S10\Projet le l'option LO\WorkersPacedProductionLineC\WorkersPacedProductionLineC\Debug\link.write.1.tlog
D:\EUP\DI-5\DI5_S10\Projet le l'option LO\WorkersPacedProductionLineC\WorkersPacedProductionLineC\Debug\vc110.idb
D:\EUP\DI-5\DI5_S10\Projet le l'option LO\WorkersPacedProductionLineC\WorkersPacedProductionLineC\Debug\vc110.pdb
D:\EUP\DI-5\DI5_S10\Projet le l'option LO\WorkersPacedProductionLineC\Debug\WorkersPacedProductionLineC.pdb
D:\EUP\DI-5\DI5_S10\Projet le l'option LO\WorkersPacedProductionLineC\Debug\WorkersPacedProductionLineC.exe
D:\EUP\DI-5\DI5_S10\Projet le l'option LO\WorkersPacedProductionLineC\Debug\WorkersPacedProductionLineC.ilk
