La génération a démarré 22/04/2015 16:58:35.
     1>Projet "D:\EUP\DI-5\DI5_S10\Projet le l'option LO\WorkersPacedProductionLineC\WorkersPacedProductionLineC\WorkersPacedProductionLineC.vcxproj" sur le nœud 2 (Build cible(s)).
     1>ClCompile:
         C:\Program Files (x86)\Microsoft Visual Studio 11.0\VC\bin\CL.exe /c /Zi /nologo /W3 /WX- /O2 /Oi /Oy- /GL /D WIN32 /D NDEBUG /D _CONSOLE /D _INLINE /D _UNICODE /D UNICODE /Gm- /EHsc /MD /GS /Gy /fp:precise /Zc:wchar_t /Zc:forScope /Fo"Release\\" /Fd"Release\vc110.pdb" /Gd /TC /analyze- /errorReport:prompt -IC:/gtk/include/gtk-3.0 -IC:/gtk/include/cairo -IC:/gtk/include/pango-1.0 -IC:/gtk/include/atk-1.0 -IC:/gtk/include/cairo -IC:/gtk/include/pixman-1 -IC:/gtk/include -IC:/gtk/include/freetype2 -IC:/gtk/include -IC:/gtk/include/libpng15 -IC:/gtk/include/gdk-pixbuf-2.0 -IC:/gtk/include/libpng15 -IC:/gtk/include/glib-2.0 -IC:/gtk/lib/glib-2.0/include "..\..\..\Projet le l'option LO\WorkersPacedProductionLineC\WorkersPacedProductionLineC\main.c" "..\..\..\Projet le l'option LO\WorkersPacedProductionLineC\WorkersPacedProductionLineC\Station.c" "..\..\..\Projet le l'option LO\WorkersPacedProductionLineC\WorkersPacedProductionLineC\Task.c" "..\..\..\Projet le l'option LO\WorkersPacedProductionLineC\WorkersPacedProductionLineC\Utility.c" "..\..\..\Projet le l'option LO\WorkersPacedProductionLineC\WorkersPacedProductionLineC\Worker.c"
         main.c
     1>..\..\..\Projet le l'option LO\WorkersPacedProductionLineC\WorkersPacedProductionLineC\main.c(30): warning C4996: 'sscanf': This function or variable may be unsafe. Consider using sscanf_s instead. To disable deprecation, use _CRT_SECURE_NO_WARNINGS. See online help for details.
                 C:\Program Files (x86)\Microsoft Visual Studio 11.0\VC\include\stdio.h(311) : voir la déclaration de 'sscanf'
     1>..\..\..\Projet le l'option LO\WorkersPacedProductionLineC\WorkersPacedProductionLineC\main.c(52): warning C4996: 'scanf': This function or variable may be unsafe. Consider using scanf_s instead. To disable deprecation, use _CRT_SECURE_NO_WARNINGS. See online help for details.
                 C:\Program Files (x86)\Microsoft Visual Studio 11.0\VC\include\stdio.h(290) : voir la déclaration de 'scanf'
     1>..\..\..\Projet le l'option LO\WorkersPacedProductionLineC\WorkersPacedProductionLineC\main.c(100): warning C4996: 'scanf': This function or variable may be unsafe. Consider using scanf_s instead. To disable deprecation, use _CRT_SECURE_NO_WARNINGS. See online help for details.
                 C:\Program Files (x86)\Microsoft Visual Studio 11.0\VC\include\stdio.h(290) : voir la déclaration de 'scanf'
     1>..\..\..\Projet le l'option LO\WorkersPacedProductionLineC\WorkersPacedProductionLineC\main.c(148): warning C4996: 'sprintf': This function or variable may be unsafe. Consider using sprintf_s instead. To disable deprecation, use _CRT_SECURE_NO_WARNINGS. See online help for details.
                 C:\Program Files (x86)\Microsoft Visual Studio 11.0\VC\include\stdio.h(357) : voir la déclaration de 'sprintf'
     1>..\..\..\Projet le l'option LO\WorkersPacedProductionLineC\WorkersPacedProductionLineC\main.c(149): warning C4996: 'fopen': This function or variable may be unsafe. Consider using fopen_s instead. To disable deprecation, use _CRT_SECURE_NO_WARNINGS. See online help for details.
                 C:\Program Files (x86)\Microsoft Visual Studio 11.0\VC\include\stdio.h(218) : voir la déclaration de 'fopen'
     1>..\..\..\Projet le l'option LO\WorkersPacedProductionLineC\WorkersPacedProductionLineC\main.c(162): warning C4996: 'sprintf': This function or variable may be unsafe. Consider using sprintf_s instead. To disable deprecation, use _CRT_SECURE_NO_WARNINGS. See online help for details.
                 C:\Program Files (x86)\Microsoft Visual Studio 11.0\VC\include\stdio.h(357) : voir la déclaration de 'sprintf'
     1>..\..\..\Projet le l'option LO\WorkersPacedProductionLineC\WorkersPacedProductionLineC\main.c(355): warning C4996: 'sprintf': This function or variable may be unsafe. Consider using sprintf_s instead. To disable deprecation, use _CRT_SECURE_NO_WARNINGS. See online help for details.
                 C:\Program Files (x86)\Microsoft Visual Studio 11.0\VC\include\stdio.h(357) : voir la déclaration de 'sprintf'
     1>..\..\..\Projet le l'option LO\WorkersPacedProductionLineC\WorkersPacedProductionLineC\main.c(356): warning C4996: 'fopen': This function or variable may be unsafe. Consider using fopen_s instead. To disable deprecation, use _CRT_SECURE_NO_WARNINGS. See online help for details.
                 C:\Program Files (x86)\Microsoft Visual Studio 11.0\VC\include\stdio.h(218) : voir la déclaration de 'fopen'
     1>..\..\..\Projet le l'option LO\WorkersPacedProductionLineC\WorkersPacedProductionLineC\main.c(450): warning C4996: 'fopen': This function or variable may be unsafe. Consider using fopen_s instead. To disable deprecation, use _CRT_SECURE_NO_WARNINGS. See online help for details.
                 C:\Program Files (x86)\Microsoft Visual Studio 11.0\VC\include\stdio.h(218) : voir la déclaration de 'fopen'
     1>..\..\..\Projet le l'option LO\WorkersPacedProductionLineC\WorkersPacedProductionLineC\main.c(458): warning C4996: 'fscanf': This function or variable may be unsafe. Consider using fscanf_s instead. To disable deprecation, use _CRT_SECURE_NO_WARNINGS. See online help for details.
                 C:\Program Files (x86)\Microsoft Visual Studio 11.0\VC\include\stdio.h(237) : voir la déclaration de 'fscanf'
     1>..\..\..\Projet le l'option LO\WorkersPacedProductionLineC\WorkersPacedProductionLineC\main.c(475): warning C4996: 'fscanf': This function or variable may be unsafe. Consider using fscanf_s instead. To disable deprecation, use _CRT_SECURE_NO_WARNINGS. See online help for details.
                 C:\Program Files (x86)\Microsoft Visual Studio 11.0\VC\include\stdio.h(237) : voir la déclaration de 'fscanf'
     1>..\..\..\Projet le l'option LO\WorkersPacedProductionLineC\WorkersPacedProductionLineC\main.c(480): warning C4996: 'fscanf': This function or variable may be unsafe. Consider using fscanf_s instead. To disable deprecation, use _CRT_SECURE_NO_WARNINGS. See online help for details.
                 C:\Program Files (x86)\Microsoft Visual Studio 11.0\VC\include\stdio.h(237) : voir la déclaration de 'fscanf'
     1>..\..\..\Projet le l'option LO\WorkersPacedProductionLineC\WorkersPacedProductionLineC\main.c(486): warning C4996: 'fscanf': This function or variable may be unsafe. Consider using fscanf_s instead. To disable deprecation, use _CRT_SECURE_NO_WARNINGS. See online help for details.
                 C:\Program Files (x86)\Microsoft Visual Studio 11.0\VC\include\stdio.h(237) : voir la déclaration de 'fscanf'
     1>..\..\..\Projet le l'option LO\WorkersPacedProductionLineC\WorkersPacedProductionLineC\main.c(490): warning C4996: 'fscanf': This function or variable may be unsafe. Consider using fscanf_s instead. To disable deprecation, use _CRT_SECURE_NO_WARNINGS. See online help for details.
                 C:\Program Files (x86)\Microsoft Visual Studio 11.0\VC\include\stdio.h(237) : voir la déclaration de 'fscanf'
     1>..\..\..\Projet le l'option LO\WorkersPacedProductionLineC\WorkersPacedProductionLineC\main.c(493): warning C4996: 'fscanf': This function or variable may be unsafe. Consider using fscanf_s instead. To disable deprecation, use _CRT_SECURE_NO_WARNINGS. See online help for details.
                 C:\Program Files (x86)\Microsoft Visual Studio 11.0\VC\include\stdio.h(237) : voir la déclaration de 'fscanf'
     1>..\..\..\Projet le l'option LO\WorkersPacedProductionLineC\WorkersPacedProductionLineC\main.c(508): warning C4996: 'fopen': This function or variable may be unsafe. Consider using fopen_s instead. To disable deprecation, use _CRT_SECURE_NO_WARNINGS. See online help for details.
                 C:\Program Files (x86)\Microsoft Visual Studio 11.0\VC\include\stdio.h(218) : voir la déclaration de 'fopen'
     1>..\..\..\Projet le l'option LO\WorkersPacedProductionLineC\WorkersPacedProductionLineC\main.c(596): warning C4996: 'sprintf': This function or variable may be unsafe. Consider using sprintf_s instead. To disable deprecation, use _CRT_SECURE_NO_WARNINGS. See online help for details.
                 C:\Program Files (x86)\Microsoft Visual Studio 11.0\VC\include\stdio.h(357) : voir la déclaration de 'sprintf'
     1>..\..\..\Projet le l'option LO\WorkersPacedProductionLineC\WorkersPacedProductionLineC\main.c(675): warning C4996: 'sprintf': This function or variable may be unsafe. Consider using sprintf_s instead. To disable deprecation, use _CRT_SECURE_NO_WARNINGS. See online help for details.
                 C:\Program Files (x86)\Microsoft Visual Studio 11.0\VC\include\stdio.h(357) : voir la déclaration de 'sprintf'
     1>..\..\..\Projet le l'option LO\WorkersPacedProductionLineC\WorkersPacedProductionLineC\main.c(733): warning C4996: 'sprintf': This function or variable may be unsafe. Consider using sprintf_s instead. To disable deprecation, use _CRT_SECURE_NO_WARNINGS. See online help for details.
                 C:\Program Files (x86)\Microsoft Visual Studio 11.0\VC\include\stdio.h(357) : voir la déclaration de 'sprintf'
     1>..\..\..\Projet le l'option LO\WorkersPacedProductionLineC\WorkersPacedProductionLineC\main.c(1281): warning C4996: 'strcpy': This function or variable may be unsafe. Consider using strcpy_s instead. To disable deprecation, use _CRT_SECURE_NO_WARNINGS. See online help for details.
     1>..\..\..\Projet le l'option LO\WorkersPacedProductionLineC\WorkersPacedProductionLineC\main.c(1282): warning C4996: 'strcat': This function or variable may be unsafe. Consider using strcat_s instead. To disable deprecation, use _CRT_SECURE_NO_WARNINGS. See online help for details.
     1>..\..\..\Projet le l'option LO\WorkersPacedProductionLineC\WorkersPacedProductionLineC\main.c(1283): warning C4996: 'strcat': This function or variable may be unsafe. Consider using strcat_s instead. To disable deprecation, use _CRT_SECURE_NO_WARNINGS. See online help for details.
     1>..\..\..\Projet le l'option LO\WorkersPacedProductionLineC\WorkersPacedProductionLineC\main.c(1284): warning C4996: 'fopen': This function or variable may be unsafe. Consider using fopen_s instead. To disable deprecation, use _CRT_SECURE_NO_WARNINGS. See online help for details.
                 C:\Program Files (x86)\Microsoft Visual Studio 11.0\VC\include\stdio.h(218) : voir la déclaration de 'fopen'
         Station.c
         Task.c
     1>..\..\..\Projet le l'option LO\WorkersPacedProductionLineC\WorkersPacedProductionLineC\Task.c(58): warning C4244: 'initialisation' : conversion de 'int' en 'float', perte possible de données
     1>..\..\..\Projet le l'option LO\WorkersPacedProductionLineC\WorkersPacedProductionLineC\Task.c(59): warning C4244: 'initialisation' : conversion de 'int' en 'float', perte possible de données
         Utility.c
     1>..\..\..\Projet le l'option LO\WorkersPacedProductionLineC\WorkersPacedProductionLineC\Utility.c(43): warning C4996: 'sprintf': This function or variable may be unsafe. Consider using sprintf_s instead. To disable deprecation, use _CRT_SECURE_NO_WARNINGS. See online help for details.
                 C:\Program Files (x86)\Microsoft Visual Studio 11.0\VC\include\stdio.h(357) : voir la déclaration de 'sprintf'
         Worker.c
     1>..\..\..\Projet le l'option LO\WorkersPacedProductionLineC\WorkersPacedProductionLineC\Worker.c(78): warning C4305: '=' : troncation de '__int64' à 'float'
       Link:
         C:\Program Files (x86)\Microsoft Visual Studio 11.0\VC\bin\link.exe /ERRORREPORT:PROMPT /OUT:"D:\EUP\DI-5\DI5_S10\Projet le l'option LO\WorkersPacedProductionLineC\Release\WorkersPacedProductionLineC.exe" /INCREMENTAL:NO /NOLOGO /LIBPATH:C:\gtk\lib /LIBPATH:C:\gtk\bin "gtk-win32-3.0.lib" "atk-1.0.lib" cairo.lib fontconfig.lib gailutil.lib "gdk_pixbuf-2.0.lib" "gdk-win32-3.0.lib" "gio-2.0.lib" "glib-2.0.lib" "gmodule-2.0.lib" "gobject-2.0.lib" "gthread-2.0.lib" kernel32.lib user32.lib gdi32.lib winspool.lib comdlg32.lib advapi32.lib shell32.lib ole32.lib oleaut32.lib uuid.lib odbc32.lib odbccp32.lib /MANIFEST /MANIFESTUAC:"level='asInvoker' uiAccess='false'" /manifest:embed /DEBUG /PDB:"D:\EUP\DI-5\DI5_S10\Projet le l'option LO\WorkersPacedProductionLineC\Release\WorkersPacedProductionLineC.pdb" /SUBSYSTEM:CONSOLE /OPT:REF /OPT:ICF /LTCG /TLBID:1 /DYNAMICBASE /NXCOMPAT /IMPLIB:"D:\EUP\DI-5\DI5_S10\Projet le l'option LO\WorkersPacedProductionLineC\Release\WorkersPacedProductionLineC.lib" /MACHINE:X86 /SAFESEH /libpath:C:/gtk/lib.lib gdi32.lib imm32.lib shell32.lib ole32.lib pangocairo-1.0.lib pangoft2-1.0.lib fontconfig.lib pangowin32-1.0.lib gdi32.lib pango-1.0.lib atk-1.0.lib cairo.lib gdk_pixbuf-2.0.lib gio-2.0.lib gobject-2.0.lib glib-2.0.lib /ENTRY:mainCRTStartup Release\main.obj
         Release\Station.obj
         Release\Task.obj
         Release\Utility.obj
         Release\Worker.obj
         Génération de code en cours
         Fin de la génération du code
         WorkersPacedProductionLineC.vcxproj -> D:\EUP\DI-5\DI5_S10\Projet le l'option LO\WorkersPacedProductionLineC\Release\WorkersPacedProductionLineC.exe
     1>Génération du projet "D:\EUP\DI-5\DI5_S10\Projet le l'option LO\WorkersPacedProductionLineC\WorkersPacedProductionLineC\WorkersPacedProductionLineC.vcxproj" terminée (Build cible(s)).

La génération a réussi.

Temps écoulé 00:00:11.31
