D:\EUP\DI-5\DI5_S10\PROJET LE L'OPTION LO\WORKERSPACEDPRODUCTIONLINEC\WORKERSPACEDPRODUCTIONLINEC\RELEASE\WORKER.OBJ
D:\EUP\DI-5\DI5_S10\PROJET LE L'OPTION LO\WORKERSPACEDPRODUCTIONLINEC\WORKERSPACEDPRODUCTIONLINEC\RELEASE\UTILITY.OBJ
D:\EUP\DI-5\DI5_S10\PROJET LE L'OPTION LO\WORKERSPACEDPRODUCTIONLINEC\WORKERSPACEDPRODUCTIONLINEC\RELEASE\TASK.OBJ
D:\EUP\DI-5\DI5_S10\PROJET LE L'OPTION LO\WORKERSPACEDPRODUCTIONLINEC\WORKERSPACEDPRODUCTIONLINEC\RELEASE\STATION.OBJ
D:\EUP\DI-5\DI5_S10\PROJET LE L'OPTION LO\WORKERSPACEDPRODUCTIONLINEC\WORKERSPACEDPRODUCTIONLINEC\RELEASE\MAIN.OBJ
D:\EUP\DI-5\DI5_S10\PROJET LE L'OPTION LO\WORKERSPACEDPRODUCTIONLINEC\WORKERSPACEDPRODUCTIONLINEC\RELEASE\VC110.PDB
D:\EUP\DI-5\DI5_S10\PROJET LE L'OPTION LO\WORKERSPACEDPRODUCTIONLINEC\RELEASE\WORKERSPACEDPRODUCTIONLINEC.EXE
D:\EUP\DI-5\DI5_S10\PROJET LE L'OPTION LO\WORKERSPACEDPRODUCTIONLINEC\RELEASE\WORKERSPACEDPRODUCTIONLINEC.PDB
D:\EUP\DI-5\DI5_S10\Projet le l'option LO\WorkersPacedProductionLineC\WorkersPacedProductionLineC\Release\main.obj
D:\EUP\DI-5\DI5_S10\Projet le l'option LO\WorkersPacedProductionLineC\WorkersPacedProductionLineC\Release\Station.obj
D:\EUP\DI-5\DI5_S10\Projet le l'option LO\WorkersPacedProductionLineC\WorkersPacedProductionLineC\Release\Task.obj
D:\EUP\DI-5\DI5_S10\Projet le l'option LO\WorkersPacedProductionLineC\WorkersPacedProductionLineC\Release\Utility.obj
D:\EUP\DI-5\DI5_S10\Projet le l'option LO\WorkersPacedProductionLineC\WorkersPacedProductionLineC\Release\Worker.obj
D:\EUP\DI-5\DI5_S10\Projet le l'option LO\WorkersPacedProductionLineC\WorkersPacedProductionLineC\Release\cl.command.1.tlog
D:\EUP\DI-5\DI5_S10\Projet le l'option LO\WorkersPacedProductionLineC\WorkersPacedProductionLineC\Release\CL.read.1.tlog
D:\EUP\DI-5\DI5_S10\Projet le l'option LO\WorkersPacedProductionLineC\WorkersPacedProductionLineC\Release\CL.write.1.tlog
D:\EUP\DI-5\DI5_S10\Projet le l'option LO\WorkersPacedProductionLineC\WorkersPacedProductionLineC\Release\link-cvtres.read.1.tlog
D:\EUP\DI-5\DI5_S10\Projet le l'option LO\WorkersPacedProductionLineC\WorkersPacedProductionLineC\Release\link-cvtres.write.1.tlog
D:\EUP\DI-5\DI5_S10\Projet le l'option LO\WorkersPacedProductionLineC\WorkersPacedProductionLineC\Release\link-rc.read.1.tlog
D:\EUP\DI-5\DI5_S10\Projet le l'option LO\WorkersPacedProductionLineC\WorkersPacedProductionLineC\Release\link-rc.write.1.tlog
D:\EUP\DI-5\DI5_S10\Projet le l'option LO\WorkersPacedProductionLineC\WorkersPacedProductionLineC\Release\link.command.1.tlog
D:\EUP\DI-5\DI5_S10\Projet le l'option LO\WorkersPacedProductionLineC\WorkersPacedProductionLineC\Release\link.read.1.tlog
D:\EUP\DI-5\DI5_S10\Projet le l'option LO\WorkersPacedProductionLineC\WorkersPacedProductionLineC\Release\link.write.1.tlog
D:\EUP\DI-5\DI5_S10\Projet le l'option LO\WorkersPacedProductionLineC\WorkersPacedProductionLineC\Release\vc110.pdb
D:\EUP\DI-5\DI5_S10\Projet le l'option LO\WorkersPacedProductionLineC\Release\WorkersPacedProductionLineC.pdb
D:\EUP\DI-5\DI5_S10\Projet le l'option LO\WorkersPacedProductionLineC\Release\WorkersPacedProductionLineC.exe
